<?xml version="1.0" encoding="UTF-8"?>
<testng-results ignored="0" total="1" passed="1" failed="0" skipped="0">
  <reporter-output>
  </reporter-output>
  <suite started-at="2023-08-21T13:20:53 IST" name="Default suite" finished-at="2023-08-21T13:20:53 IST" duration-ms="28">
    <groups>
    </groups>
    <test started-at="2023-08-21T13:20:53 IST" name="Default test" finished-at="2023-08-21T13:20:53 IST" duration-ms="28">
      <class name="basic.LoginTest">
        <test-method signature="work()[pri:0, instance:basic.LoginTest@48974e45]" started-at="2023-08-21T13:20:53 IST" name="work" finished-at="2023-08-21T13:20:53 IST" duration-ms="6" status="PASS">
          <reporter-output>
          </reporter-output>
        </test-method> <!-- work -->
      </class> <!-- basic.LoginTest -->
    </test> <!-- Default test -->
  </suite> <!-- Default suite -->
</testng-results>
